Copyright 1986-2019 Xilinx, Inc. All Rights Reserved.
-----------------------------------------------------------------------------------------------
| Tool Version : Vivado v.2019.1 (lin64) Build 2552052 Fri May 24 14:47:09 MDT 2019
| Date         : Sun Apr 11 20:15:38 2021
| Host         : alex-Lenovo-IdeaPad-S145-14IIL running 64-bit Ubuntu 18.04.5 LTS
| Command      : report_utilization -hierarchical -file top_utilization_hierarchical_synth.rpt
| Design       : top
| Device       : 7a100tcsg324-1
| Design State : Synthesized
-----------------------------------------------------------------------------------------------

Utilization Design Information

Table of Contents
-----------------
1. Utilization by Hierarchy

1. Utilization by Hierarchy
---------------------------

+----------------------------+------------------+------------+------------+---------+------+------+--------+--------+--------------+
|          Instance          |      Module      | Total LUTs | Logic LUTs | LUTRAMs | SRLs |  FFs | RAMB36 | RAMB18 | DSP48 Blocks |
+----------------------------+------------------+------------+------------+---------+------+------+--------+--------+--------------+
| top                        |            (top) |       2428 |       2396 |      32 |    0 | 1925 |     15 |      8 |            4 |
|   (top)                    |            (top) |        349 |        317 |      32 |    0 |  687 |     14 |      0 |            0 |
|   VexRiscv                 |         VexRiscv |       2079 |       2079 |       0 |    0 | 1238 |      1 |      8 |            4 |
|     (VexRiscv)             |         VexRiscv |        887 |        887 |       0 |    0 | 1014 |      0 |      2 |            4 |
|     IBusCachedPlugin_cache | InstructionCache |        659 |        659 |       0 |    0 |  103 |      1 |      1 |            0 |
|     dataCache_1_           |        DataCache |        533 |        533 |       0 |    0 |  121 |      0 |      5 |            0 |
+----------------------------+------------------+------------+------------+---------+------+------+--------+--------+--------------+


